<?xml version="1.0" encoding="UTF-8"?>
<testsuite xmlns:xsi="http://www.w3.org/2001/XMLSchema-instance" xsi:noNamespaceSchemaLocation="https://maven.apache.org/surefire/maven-surefire-plugin/xsd/surefire-test-report-3.0.xsd" version="3.0" name="com.teamx.fitness.service.PersonServiceTest" time="0.076" tests="23" errors="0" skipped="0" failures="0">
  <properties>
[...]
</properties>
  <testcase name="testCalculateBMR_ValidMale" classname="com.teamx.fitness.service.PersonServiceTest" time="0.027"/>
  <testcase name="testCalculateBMI_InvalidNullHeight" classname="com.teamx.fitness.service.PersonServiceTest" time="0.002"/>
  <testcase name="testCalculateAge_InvalidNull" classname="com.teamx.fitness.service.PersonServiceTest" time="0.001"/>
  <testcase name="testCalculateBMR_InvalidNullAge" classname="com.teamx.fitness.service.PersonServiceTest" time="0.0"/>
  <testcase name="testCalculateAge_BoundaryToday" classname="com.teamx.fitness.service.PersonServiceTest" time="0.006"/>
  <testcase name="testCalculateAge_Valid" classname="com.teamx.fitness.service.PersonServiceTest" time="0.002"/>
  <testcase name="testCalculateBMI_InvalidNullWeight" classname="com.teamx.fitness.service.PersonServiceTest" time="0.002"/>
  <testcase name="testCalculateDailyCalorieNeeds_InvalidNullFrequency" classname="com.teamx.fitness.service.PersonServiceTest" time="0.002"/>
  <testcase name="testCalculateDailyCalorieNeeds_ValidVeryActive" classname="com.teamx.fitness.service.PersonServiceTest" time="0.001"/>
  <testcase name="testCalculateBMR_InvalidNullHeight" classname="com.teamx.fitness.service.PersonServiceTest" time="0.001"/>
  <testcase name="testCalculateBMI_InvalidZeroHeight" classname="com.teamx.fitness.service.PersonServiceTest" time="0.002"/>
  <testcase name="testCalculateBMI_Valid" classname="com.teamx.fitness.service.PersonServiceTest" time="0.001"/>
  <testcase name="testCalculateBMR_InvalidNullWeight" classname="com.teamx.fitness.service.PersonServiceTest" time="0.001"/>
  <testcase name="testCalculateDailyCalorieNeeds_BoundaryExtraActive" classname="com.teamx.fitness.service.PersonServiceTest" time="0.002"/>
  <testcase name="testCalculateDailyCalorieNeeds_ValidModerate" classname="com.teamx.fitness.service.PersonServiceTest" time="0.001"/>
  <testcase name="testCalculateBMR_ValidFemale" classname="com.teamx.fitness.service.PersonServiceTest" time="0.001"/>
  <testcase name="testCalculateDailyCalorieNeeds_InvalidNullBMR" classname="com.teamx.fitness.service.PersonServiceTest" time="0.001"/>
  <testcase name="testCalculateBMI_BoundaryUnderweight" classname="com.teamx.fitness.service.PersonServiceTest" time="0.001"/>
  <testcase name="testCalculateDailyCalorieNeeds_BoundaryTwoDays" classname="com.teamx.fitness.service.PersonServiceTest" time="0.001"/>
  <testcase name="testCalculateBMR_BoundaryAgeZero" classname="com.teamx.fitness.service.PersonServiceTest" time="0.0"/>
  <testcase name="testCalculateDailyCalorieNeeds_ValidSedentary" classname="com.teamx.fitness.service.PersonServiceTest" time="0.0"/>
  <testcase name="testCalculateAge_BoundaryOneYear" classname="com.teamx.fitness.service.PersonServiceTest" time="0.001"/>
  <testcase name="testCalculateBMI_BoundaryOverweight" classname="com.teamx.fitness.service.PersonServiceTest" time="0.001"/>
</testsuite>