<?xml version="1.0" encoding="UTF-8"?>
<testsuite xmlns:xsi="http://www.w3.org/2001/XMLSchema-instance" xsi:noNamespaceSchemaLocation="https://maven.apache.org/surefire/maven-surefire-plugin/xsd/surefire-test-report-3.0.xsd" version="3.0" name="com.teamx.fitness.controller.PersonControllerTest" time="2.461" tests="12" errors="0" skipped="0" failures="0">
  <properties>
[...]
</properties>
  <testcase name="testCalculateAge_BoundaryToday" classname="com.teamx.fitness.controller.PersonControllerTest" time="0.447">
    <system-out><![CDATA[2025-10-16 19:00:22 - o.s.t.c.s.AnnotationConfigContextLoaderUtils - INFO - Could not detect default configuration classes for test class [com.teamx.fitness.controller.PersonControllerTest]: PersonControllerTest does not declare any static, non-private, non-final, nested classes annotated with @Configuration.
2025-10-16 19:00:23 - o.s.b.t.c.SpringBootTestContextBootstrapper - INFO - Found @SpringBootConfiguration com.teamx.fitness.FitnessManagementApplication for test class com.teamx.fitness.controller.PersonControllerTest

  .   ____          _            __ _ _
 /\\ / ___'_ __ _ _(_)_ __  __ _ \ \ \ \
( ( )\___ | '_ | '_| | '_ \/ _` | \ \ \ \
 \\/  ___)| |_)| | | | | || (_| |  ) ) ) )
  '  |____| .__|_| |_|_| |_\__, | / / / /
 =========|_|==============|___/=/_/_/_/
&amp#27;[32m :: Spring Boot :: &amp#27;[39m              &amp#27;[2m (v3.2.0)&amp#27;[0;39m

2025-10-16 19:00:23 - c.t.f.c.PersonControllerTest - INFO - Starting PersonControllerTest using Java 24.0.2 with PID 68659 (started by mercury in /Users/mercury/Developer/coursework/4156_Advanced_SWE/COMSW4156-TeamX)
2025-10-16 19:00:23 - c.t.f.c.PersonControllerTest - DEBUG - Running with Spring Boot v3.2.0, Spring v6.1.1
2025-10-16 19:00:23 - c.t.f.c.PersonControllerTest - INFO - No active profile set, falling back to 1 default profile: "default"
2025-10-16 19:00:23 - o.s.w.c.s.GenericWebApplicationContext - DEBUG - Refreshing org.springframework.web.context.support.GenericWebApplicationContext@720f0fa2
2025-10-16 19:00:24 - o.s.w.s.m.m.a.RequestMappingHandlerMapping - DEBUG - 6 mappings in 'requestMappingHandlerMapping'
2025-10-16 19:00:24 - o.s.w.s.h.SimpleUrlHandlerMapping - DEBUG - Patterns [/webjars/**, /**] in 'resourceHandlerMapping'
2025-10-16 19:00:24 - o.s.w.s.m.m.a.RequestMappingHandlerAdapter - DEBUG - ControllerAdvice beans: 0 @ModelAttribute, 0 @InitBinder, 1 RequestBodyAdvice, 1 ResponseBodyAdvice
2025-10-16 19:00:24 - o.s.w.s.m.m.a.ExceptionHandlerExceptionResolver - DEBUG - ControllerAdvice beans: 0 @ExceptionHandler, 1 ResponseBodyAdvice
2025-10-16 19:00:24 - o.s.b.t.m.w.SpringBootMockServletContext - INFO - Initializing Spring TestDispatcherServlet ''
2025-10-16 19:00:24 - o.s.t.w.s.TestDispatcherServlet - INFO - Initializing Servlet ''
2025-10-16 19:00:24 - o.s.t.w.s.TestDispatcherServlet - INFO - Completed initialization in 2 ms
2025-10-16 19:00:24 - c.t.f.c.PersonControllerTest - INFO - Started PersonControllerTest in 1.687 seconds (process running for 12.264)
2025-10-16 19:00:24 - o.s.w.s.m.m.a.RequestMappingHandlerMapping - DEBUG - Mapped to com.teamx.fitness.controller.PersonController#calculateAge(String)
2025-10-16 19:00:25 - o.s.w.s.m.m.a.HttpEntityMethodProcessor - DEBUG - Using 'application/json', given [*/*] and supported [application/json, application/*+json]
2025-10-16 19:00:25 - o.s.w.s.m.m.a.HttpEntityMethodProcessor - DEBUG - Writing [{birthDate=2025-10-16, age=0}]
]]></system-out>
  </testcase>
  <testcase name="testCalculateAge_ValidBirthDate" classname="com.teamx.fitness.controller.PersonControllerTest" time="0.021">
    <system-out><![CDATA[2025-10-16 19:00:25 - o.s.w.s.m.m.a.RequestMappingHandlerMapping - DEBUG - Mapped to com.teamx.fitness.controller.PersonController#calculateAge(String)
2025-10-16 19:00:25 - o.s.w.s.m.m.a.HttpEntityMethodProcessor - DEBUG - Using 'application/json', given [*/*] and supported [application/json, application/*+json]
2025-10-16 19:00:25 - o.s.w.s.m.m.a.HttpEntityMethodProcessor - DEBUG - Writing [{birthDate=1995-10-16, age=30}]
]]></system-out>
  </testcase>
  <testcase name="testCalculateDailyCalories_ValidMale" classname="com.teamx.fitness.controller.PersonControllerTest" time="0.066">
    <system-out><![CDATA[2025-10-16 19:00:25 - o.s.w.s.m.m.a.RequestMappingHandlerMapping - DEBUG - Mapped to com.teamx.fitness.controller.PersonController#calculateDailyCalories(Double, Double, Integer, String, Integer)
2025-10-16 19:00:25 - o.s.w.s.m.m.a.HttpEntityMethodProcessor - DEBUG - Using 'application/json', given [*/*] and supported [application/json, application/*+json]
2025-10-16 19:00:25 - o.s.w.s.m.m.a.HttpEntityMethodProcessor - DEBUG - Writing [{bmr=1680.0, dailyCalories=2604.0, weeklyTrainingFreq=4}]
]]></system-out>
  </testcase>
  <testcase name="testCalculateBMI_ServiceReturnsNull" classname="com.teamx.fitness.controller.PersonControllerTest" time="0.023">
    <system-out><![CDATA[2025-10-16 19:00:25 - o.s.w.s.m.m.a.RequestMappingHandlerMapping - DEBUG - Mapped to com.teamx.fitness.controller.PersonController#calculateBMI(Double, Double)
2025-10-16 19:00:25 - o.s.w.s.m.m.a.HttpEntityMethodProcessor - DEBUG - Using 'application/json', given [*/*] and supported [application/json, application/*+json]
2025-10-16 19:00:25 - o.s.w.s.m.m.a.HttpEntityMethodProcessor - DEBUG - Writing [{weight=70.0, category=Unknown, height=0.0, bmi=null}]
]]></system-out>
  </testcase>
  <testcase name="testCalculateDailyCalories_ValidFemale" classname="com.teamx.fitness.controller.PersonControllerTest" time="0.011">
    <system-out><![CDATA[2025-10-16 19:00:25 - o.s.w.s.m.m.a.RequestMappingHandlerMapping - DEBUG - Mapped to com.teamx.fitness.controller.PersonController#calculateDailyCalories(Double, Double, Integer, String, Integer)
2025-10-16 19:00:25 - o.s.w.s.m.m.a.HttpEntityMethodProcessor - DEBUG - Using 'application/json', given [*/*] and supported [application/json, application/*+json]
2025-10-16 19:00:25 - o.s.w.s.m.m.a.HttpEntityMethodProcessor - DEBUG - Writing [{bmr=1380.0, dailyCalories=1863.0, weeklyTrainingFreq=3}]
]]></system-out>
  </testcase>
  <testcase name="testCalculateDailyCalories_BoundarySedentary" classname="com.teamx.fitness.controller.PersonControllerTest" time="0.007">
    <system-out><![CDATA[2025-10-16 19:00:25 - o.s.w.s.m.m.a.RequestMappingHandlerMapping - DEBUG - Mapped to com.teamx.fitness.controller.PersonController#calculateDailyCalories(Double, Double, Integer, String, Integer)
2025-10-16 19:00:25 - o.s.w.s.m.m.a.HttpEntityMethodProcessor - DEBUG - Using 'application/json', given [*/*] and supported [application/json, application/*+json]
2025-10-16 19:00:25 - o.s.w.s.m.m.a.HttpEntityMethodProcessor - DEBUG - Writing [{bmr=1680.0, dailyCalories=2016.0, weeklyTrainingFreq=0}]
]]></system-out>
  </testcase>
  <testcase name="testCalculateDailyCalories_CaseInsensitiveGender" classname="com.teamx.fitness.controller.PersonControllerTest" time="0.014">
    <system-out><![CDATA[2025-10-16 19:00:25 - o.s.w.s.m.m.a.RequestMappingHandlerMapping - DEBUG - Mapped to com.teamx.fitness.controller.PersonController#calculateDailyCalories(Double, Double, Integer, String, Integer)
2025-10-16 19:00:25 - o.s.w.s.m.m.a.HttpEntityMethodProcessor - DEBUG - Using 'application/json', given [*/*] and supported [application/json, application/*+json]
2025-10-16 19:00:25 - o.s.w.s.m.m.a.HttpEntityMethodProcessor - DEBUG - Writing [{bmr=1680.0, dailyCalories=2604.0, weeklyTrainingFreq=4}]
]]></system-out>
  </testcase>
  <testcase name="testCalculateBMI_BoundaryUnderweight" classname="com.teamx.fitness.controller.PersonControllerTest" time="0.021">
    <system-out><![CDATA[2025-10-16 19:00:25 - o.s.w.s.m.m.a.RequestMappingHandlerMapping - DEBUG - Mapped to com.teamx.fitness.controller.PersonController#calculateBMI(Double, Double)
2025-10-16 19:00:25 - o.s.w.s.m.m.a.HttpEntityMethodProcessor - DEBUG - Using 'application/json', given [*/*] and supported [application/json, application/*+json]
2025-10-16 19:00:25 - o.s.w.s.m.m.a.HttpEntityMethodProcessor - DEBUG - Writing [{weight=55.0, category=Underweight, height=173.0, bmi=18.4}]
]]></system-out>
  </testcase>
  <testcase name="testCalculateBMI_BoundaryObese" classname="com.teamx.fitness.controller.PersonControllerTest" time="0.008">
    <system-out><![CDATA[2025-10-16 19:00:25 - o.s.w.s.m.m.a.RequestMappingHandlerMapping - DEBUG - Mapped to com.teamx.fitness.controller.PersonController#calculateBMI(Double, Double)
2025-10-16 19:00:25 - o.s.w.s.m.m.a.HttpEntityMethodProcessor - DEBUG - Using 'application/json', given [*/*] and supported [application/json, application/*+json]
2025-10-16 19:00:25 - o.s.w.s.m.m.a.HttpEntityMethodProcessor - DEBUG - Writing [{weight=95.0, category=Obese, height=170.0, bmi=32.9}]
]]></system-out>
  </testcase>
  <testcase name="testCalculateBMI_ValidParameters" classname="com.teamx.fitness.controller.PersonControllerTest" time="0.007">
    <system-out><![CDATA[2025-10-16 19:00:25 - o.s.w.s.m.m.a.RequestMappingHandlerMapping - DEBUG - Mapped to com.teamx.fitness.controller.PersonController#calculateBMI(Double, Double)
2025-10-16 19:00:25 - o.s.w.s.m.m.a.HttpEntityMethodProcessor - DEBUG - Using 'application/json', given [*/*] and supported [application/json, application/*+json]
2025-10-16 19:00:25 - o.s.w.s.m.m.a.HttpEntityMethodProcessor - DEBUG - Writing [{weight=70.0, category=Normal weight, height=175.0, bmi=22.86}]
]]></system-out>
  </testcase>
  <testcase name="testHealthCheck" classname="com.teamx.fitness.controller.PersonControllerTest" time="0.007">
    <system-out><![CDATA[2025-10-16 19:00:25 - o.s.w.s.m.m.a.RequestMappingHandlerMapping - DEBUG - Mapped to com.teamx.fitness.controller.PersonController#healthCheck()
2025-10-16 19:00:25 - o.s.w.s.m.m.a.HttpEntityMethodProcessor - DEBUG - Using 'application/json', given [*/*] and supported [application/json, application/*+json]
2025-10-16 19:00:25 - o.s.w.s.m.m.a.HttpEntityMethodProcessor - DEBUG - Writing [{service=Personal Fitness Management Service, version=1.0.0, status=UP}]
]]></system-out>
  </testcase>
  <testcase name="testCalculateBMI_BoundaryOverweight" classname="com.teamx.fitness.controller.PersonControllerTest" time="0.014">
    <system-out><![CDATA[2025-10-16 19:00:25 - o.s.w.s.m.m.a.RequestMappingHandlerMapping - DEBUG - Mapped to com.teamx.fitness.controller.PersonController#calculateBMI(Double, Double)
2025-10-16 19:00:25 - o.s.w.s.m.m.a.HttpEntityMethodProcessor - DEBUG - Using 'application/json', given [*/*] and supported [application/json, application/*+json]
2025-10-16 19:00:25 - o.s.w.s.m.m.a.HttpEntityMethodProcessor - DEBUG - Writing [{weight=85.0, category=Overweight, height=175.0, bmi=27.8}]
]]></system-out>
  </testcase>
</testsuite>